d:\mysecondqt_vs\mysecondqt_vs\x64\debug\vc142.pdb
d:\mysecondqt_vs\mysecondqt_vs\x64\debug\qrc_mysecondqt_vs.obj
d:\mysecondqt_vs\mysecondqt_vs\x64\debug\main.obj
d:\mysecondqt_vs\mysecondqt_vs\x64\debug\mysecondqt_vs.obj
d:\mysecondqt_vs\mysecondqt_vs\x64\debug\moc_mysecondqt_vs.obj
d:\mysecondqt_vs\x64\debug\mysecondqt_vs.ilk
d:\mysecondqt_vs\x64\debug\mysecondqt_vs.exe
d:\mysecondqt_vs\x64\debug\mysecondqt_vs.pdb
d:\mysecondqt_vs\mysecondqt_vs\x64\debug\moc\moc_mysecondqt_vs.cpp
d:\mysecondqt_vs\mysecondqt_vs\x64\debug\uic\ui_mysecondqt_vs.h
d:\mysecondqt_vs\mysecondqt_vs\x64\debug\rcc\qrc_mysecondqt_vs.cpp
d:\mysecondqt_vs\mysecondqt_vs\x64\debug\mysecondqt_vs.tlog\cl.command.1.tlog
d:\mysecondqt_vs\mysecondqt_vs\x64\debug\mysecondqt_vs.tlog\cl.read.1.tlog
d:\mysecondqt_vs\mysecondqt_vs\x64\debug\mysecondqt_vs.tlog\cl.write.1.tlog
d:\mysecondqt_vs\mysecondqt_vs\x64\debug\mysecondqt_vs.tlog\link.command.1.tlog
d:\mysecondqt_vs\mysecondqt_vs\x64\debug\mysecondqt_vs.tlog\link.read.1.tlog
d:\mysecondqt_vs\mysecondqt_vs\x64\debug\mysecondqt_vs.tlog\link.write.1.tlog
d:\mysecondqt_vs\mysecondqt_vs\x64\debug\mysecondqt_vs.tlog\moc.read.1u.tlog
d:\mysecondqt_vs\mysecondqt_vs\x64\debug\mysecondqt_vs.tlog\moc.write.1u.tlog
d:\mysecondqt_vs\mysecondqt_vs\x64\debug\mysecondqt_vs.tlog\mysecondqt_vs.write.1u.tlog
d:\mysecondqt_vs\mysecondqt_vs\x64\debug\mysecondqt_vs.tlog\rcc.read.1u.tlog
d:\mysecondqt_vs\mysecondqt_vs\x64\debug\mysecondqt_vs.tlog\rcc.write.1u.tlog
d:\mysecondqt_vs\mysecondqt_vs\x64\debug\mysecondqt_vs.tlog\uic.read.1u.tlog
d:\mysecondqt_vs\mysecondqt_vs\x64\debug\mysecondqt_vs.tlog\uic.write.1u.tlog
